12/8/2021, 7:24:43 PM - INFO - Server is running on port: 3030
12/8/2021, 7:25:09 PM - INFO - Req!!!
12/8/2021, 7:25:43 PM - INFO - Req!!!
12/8/2021, 7:37:11 PM - INFO - Req!!!
12/8/2021, 7:42:58 PM - INFO - Server is running on port: 3030
12/9/2021, 10:48:39 AM - INFO - Server is running on port: 3030
12/9/2021, 10:48:44 AM - INFO - Req!!!
12/9/2021, 10:48:48 AM - INFO - Req!!!
12/9/2021, 10:51:19 AM - INFO - Req!!!
12/9/2021, 10:51:22 AM - INFO - Req!!!
12/9/2021, 10:51:25 AM - INFO - Req!!!
12/9/2021, 10:51:25 AM - INFO - Req!!!
12/9/2021, 10:51:40 AM - INFO - Req!!!
12/9/2021, 10:51:40 AM - INFO - Req!!!
12/9/2021, 10:51:49 AM - INFO - Req!!!
12/9/2021, 10:51:49 AM - INFO - Req!!!
12/9/2021, 10:51:55 AM - INFO - Req!!!
12/9/2021, 10:51:55 AM - INFO - Req!!!
12/9/2021, 10:52:01 AM - INFO - Req!!!
12/9/2021, 10:52:01 AM - INFO - Req!!!
12/9/2021, 10:52:09 AM - INFO - Req!!!
12/9/2021, 10:52:09 AM - INFO - Req!!!
12/9/2021, 10:54:28 AM - INFO - Req!!!
12/9/2021, 10:54:28 AM - INFO - Req!!!
12/9/2021, 10:58:41 AM - INFO - Req!!!
12/9/2021, 10:58:41 AM - INFO - Req!!!
12/9/2021, 10:59:27 AM - INFO - Req!!!
12/9/2021, 10:59:27 AM - INFO - Req!!!
12/9/2021, 10:59:55 AM - INFO - Req!!!
12/9/2021, 10:59:55 AM - INFO - Req!!!
12/9/2021, 11:01:45 AM - INFO - Req!!!
12/9/2021, 11:01:45 AM - INFO - Req!!!
12/9/2021, 11:01:59 AM - INFO - Req!!!
12/9/2021, 11:01:59 AM - INFO - Req!!!
12/9/2021, 11:02:11 AM - INFO - Req!!!
12/9/2021, 11:02:11 AM - INFO - Req!!!
12/9/2021, 11:02:28 AM - INFO - Req!!!
12/9/2021, 11:02:28 AM - INFO - Req!!!
12/9/2021, 11:02:37 AM - INFO - Req!!!
12/9/2021, 11:03:29 AM - ERROR - cannot insert order | {"driver":true,"name":"MongoError","index":0,"code":11000,"keyPattern":{"_id":1},"keyValue":{"_id":"hGxA9"},"errmsg":"E11000 duplicate key error collection: earthBnB_db.order index: _id_ dup key: { _id: \"hGxA9\" }"}
12/9/2021, 11:03:29 AM - ERROR - Failed to add order | {"driver":true,"name":"MongoError","index":0,"code":11000,"keyPattern":{"_id":1},"keyValue":{"_id":"hGxA9"},"errmsg":"E11000 duplicate key error collection: earthBnB_db.order index: _id_ dup key: { _id: \"hGxA9\" }"}
12/9/2021, 11:03:59 AM - ERROR - cannot insert order | {"driver":true,"name":"MongoError","index":0,"code":11000,"keyPattern":{"_id":1},"keyValue":{"_id":"hGxA9"},"errmsg":"E11000 duplicate key error collection: earthBnB_db.order index: _id_ dup key: { _id: \"hGxA9\" }"}
12/9/2021, 11:03:59 AM - ERROR - Failed to add order | {"driver":true,"name":"MongoError","index":0,"code":11000,"keyPattern":{"_id":1},"keyValue":{"_id":"hGxA9"},"errmsg":"E11000 duplicate key error collection: earthBnB_db.order index: _id_ dup key: { _id: \"hGxA9\" }"}
12/9/2021, 11:04:49 AM - INFO - Req!!!
12/9/2021, 11:04:49 AM - INFO - Req!!!
12/9/2021, 11:05:22 AM - INFO - Req!!!
12/9/2021, 11:05:22 AM - INFO - Req!!!
12/9/2021, 11:10:33 AM - INFO - Server is running on port: 3030
12/9/2021, 11:10:59 AM - INFO - Req!!!
12/9/2021, 11:10:59 AM - INFO - Req!!!
12/9/2021, 11:11:15 AM - INFO - Req!!!
12/9/2021, 11:11:43 AM - INFO - Req!!!
12/9/2021, 11:13:31 AM - INFO - Req!!!
12/9/2021, 11:13:31 AM - INFO - Req!!!
12/9/2021, 11:14:06 AM - INFO - Req!!!
12/9/2021, 11:14:06 AM - INFO - Req!!!
12/9/2021, 11:14:32 AM - INFO - Req!!!
12/9/2021, 11:14:32 AM - INFO - Req!!!
12/9/2021, 11:29:44 AM - INFO - Req!!!
12/9/2021, 11:29:44 AM - INFO - Req!!!
12/9/2021, 11:30:20 AM - INFO - Req!!!
12/9/2021, 11:30:20 AM - INFO - Req!!!
12/9/2021, 11:36:17 AM - INFO - Req!!!
12/9/2021, 11:36:17 AM - INFO - Req!!!
12/9/2021, 11:39:17 AM - INFO - Req!!!
12/9/2021, 11:39:17 AM - INFO - Req!!!
12/9/2021, 11:39:17 AM - INFO - Req!!!
12/9/2021, 11:39:17 AM - INFO - Req!!!
12/9/2021, 11:43:34 AM - INFO - Req!!!
12/9/2021, 11:43:34 AM - INFO - Req!!!
12/9/2021, 11:44:09 AM - INFO - Req!!!
12/9/2021, 11:44:09 AM - INFO - Req!!!
12/9/2021, 11:44:31 AM - INFO - Req!!!
12/9/2021, 11:44:31 AM - INFO - Req!!!
12/9/2021, 11:45:25 AM - INFO - Req!!!
12/9/2021, 11:45:25 AM - INFO - Req!!!
12/9/2021, 11:45:25 AM - INFO - Req!!!
12/9/2021, 11:45:25 AM - INFO - Req!!!
12/9/2021, 11:47:50 AM - INFO - Req!!!
12/9/2021, 11:47:50 AM - INFO - Req!!!
12/9/2021, 11:47:51 AM - INFO - Req!!!
12/9/2021, 11:47:51 AM - INFO - Req!!!
12/9/2021, 11:47:56 AM - INFO - Req!!!
12/9/2021, 11:47:56 AM - INFO - Req!!!
12/9/2021, 11:47:56 AM - INFO - Req!!!
12/9/2021, 11:47:56 AM - INFO - Req!!!
12/9/2021, 11:48:39 AM - INFO - Req!!!
12/9/2021, 11:48:39 AM - INFO - Req!!!
12/9/2021, 11:48:39 AM - INFO - Req!!!
12/9/2021, 11:48:39 AM - INFO - Req!!!
12/9/2021, 11:50:24 AM - INFO - Req!!!
12/9/2021, 11:50:24 AM - INFO - Req!!!
12/9/2021, 12:08:39 PM - INFO - Server is running on port: 3030
12/9/2021, 12:09:01 PM - INFO - Req!!!
12/9/2021, 12:09:01 PM - INFO - Req!!!
12/9/2021, 12:36:03 PM - INFO - Req!!!
12/9/2021, 12:36:03 PM - INFO - Req!!!
12/9/2021, 12:36:50 PM - INFO - Req!!!
12/9/2021, 12:36:50 PM - INFO - Req!!!
12/9/2021, 12:38:37 PM - INFO - Req!!!
12/9/2021, 12:38:37 PM - INFO - Req!!!
12/9/2021, 12:39:25 PM - INFO - Req!!!
12/9/2021, 12:39:25 PM - INFO - Req!!!
12/9/2021, 12:40:53 PM - INFO - Req!!!
12/9/2021, 12:40:53 PM - INFO - Req!!!
12/9/2021, 12:45:15 PM - INFO - Req!!!
12/9/2021, 12:45:15 PM - INFO - Req!!!
12/9/2021, 12:46:19 PM - INFO - Req!!!
12/9/2021, 12:46:19 PM - INFO - Req!!!
12/9/2021, 12:48:57 PM - INFO - Req!!!
12/9/2021, 12:48:57 PM - INFO - Req!!!
12/9/2021, 12:52:08 PM - INFO - Req!!!
12/9/2021, 12:52:08 PM - INFO - Req!!!
12/9/2021, 12:52:25 PM - INFO - Req!!!
12/9/2021, 12:52:25 PM - INFO - Req!!!
12/9/2021, 12:53:03 PM - INFO - Req!!!
12/9/2021, 12:53:03 PM - INFO - Req!!!
12/9/2021, 12:57:01 PM - INFO - Req!!!
12/9/2021, 12:57:01 PM - INFO - Req!!!
12/9/2021, 12:57:07 PM - INFO - Req!!!
12/9/2021, 12:57:07 PM - INFO - Req!!!
12/9/2021, 1:00:54 PM - INFO - Req!!!
12/9/2021, 1:00:55 PM - INFO - Req!!!
12/9/2021, 1:00:55 PM - INFO - Req!!!
12/9/2021, 1:00:55 PM - INFO - Req!!!
12/9/2021, 1:01:02 PM - INFO - Req!!!
12/9/2021, 1:01:02 PM - INFO - Req!!!
12/9/2021, 1:01:02 PM - INFO - Req!!!
12/9/2021, 1:01:02 PM - INFO - Req!!!
12/9/2021, 1:01:32 PM - INFO - Req!!!
12/9/2021, 1:01:32 PM - INFO - Req!!!
12/9/2021, 1:01:32 PM - INFO - Req!!!
12/9/2021, 1:01:32 PM - INFO - Req!!!
12/9/2021, 1:01:34 PM - INFO - Req!!!
12/9/2021, 1:01:34 PM - INFO - Req!!!
12/9/2021, 1:04:15 PM - INFO - Req!!!
12/9/2021, 1:04:15 PM - INFO - Req!!!
12/9/2021, 1:06:04 PM - INFO - Req!!!
12/9/2021, 1:06:04 PM - INFO - Req!!!
12/9/2021, 1:06:04 PM - INFO - Req!!!
12/9/2021, 1:06:04 PM - INFO - Req!!!
12/9/2021, 1:09:01 PM - INFO - Req!!!
12/9/2021, 1:09:01 PM - INFO - Req!!!
12/9/2021, 1:09:41 PM - INFO - Req!!!
12/9/2021, 1:09:41 PM - INFO - Req!!!
12/9/2021, 1:11:35 PM - INFO - Req!!!
12/9/2021, 1:11:35 PM - INFO - Req!!!
12/9/2021, 1:11:35 PM - INFO - Req!!!
12/9/2021, 1:11:35 PM - INFO - Req!!!
12/9/2021, 1:11:42 PM - INFO - Req!!!
12/9/2021, 1:11:42 PM - INFO - Req!!!
12/9/2021, 1:11:42 PM - INFO - Req!!!
12/9/2021, 1:11:42 PM - INFO - Req!!!
12/9/2021, 1:12:07 PM - INFO - Req!!!
12/9/2021, 1:12:07 PM - INFO - Req!!!
12/9/2021, 1:12:07 PM - INFO - Req!!!
12/9/2021, 1:12:07 PM - INFO - Req!!!
12/9/2021, 1:13:01 PM - INFO - Req!!!
12/9/2021, 1:13:01 PM - INFO - Req!!!
12/9/2021, 1:13:01 PM - INFO - Req!!!
12/9/2021, 1:13:01 PM - INFO - Req!!!
12/9/2021, 1:13:15 PM - INFO - Req!!!
12/9/2021, 1:13:15 PM - INFO - Req!!!
12/9/2021, 1:13:15 PM - INFO - Req!!!
12/9/2021, 1:13:15 PM - INFO - Req!!!
12/9/2021, 1:13:41 PM - INFO - Req!!!
12/9/2021, 1:13:41 PM - INFO - Req!!!
12/9/2021, 1:17:35 PM - INFO - Req!!!
12/9/2021, 1:17:35 PM - INFO - Req!!!
12/9/2021, 1:17:36 PM - INFO - Req!!!
12/9/2021, 1:17:36 PM - INFO - Req!!!
12/9/2021, 1:17:59 PM - INFO - Req!!!
12/9/2021, 1:17:59 PM - INFO - Req!!!
12/9/2021, 1:18:14 PM - INFO - Req!!!
12/9/2021, 1:18:14 PM - INFO - Req!!!
12/9/2021, 1:18:30 PM - INFO - Req!!!
12/9/2021, 1:18:30 PM - INFO - Req!!!
12/9/2021, 1:19:13 PM - INFO - Req!!!
12/9/2021, 1:19:13 PM - INFO - Req!!!
12/9/2021, 1:19:30 PM - INFO - Req!!!
12/9/2021, 1:19:30 PM - INFO - Req!!!
12/9/2021, 1:20:43 PM - INFO - Req!!!
12/9/2021, 1:20:43 PM - INFO - Req!!!
12/9/2021, 1:20:43 PM - INFO - Req!!!
12/9/2021, 1:20:43 PM - INFO - Req!!!
12/9/2021, 1:21:48 PM - INFO - Req!!!
12/9/2021, 1:21:48 PM - INFO - Req!!!
12/9/2021, 1:21:54 PM - INFO - Req!!!
12/9/2021, 1:21:54 PM - INFO - Req!!!
12/9/2021, 1:22:19 PM - INFO - Req!!!
12/9/2021, 1:22:19 PM - INFO - Req!!!
12/9/2021, 1:22:32 PM - INFO - Req!!!
12/9/2021, 1:22:32 PM - INFO - Req!!!
12/9/2021, 1:22:55 PM - INFO - Req!!!
12/9/2021, 1:23:44 PM - INFO - Req!!!
12/9/2021, 1:23:44 PM - INFO - Req!!!
12/9/2021, 1:24:08 PM - INFO - Req!!!
12/9/2021, 1:27:57 PM - INFO - Req!!!
12/9/2021, 1:27:57 PM - INFO - Req!!!
12/9/2021, 1:28:06 PM - INFO - Req!!!
12/9/2021, 1:28:06 PM - INFO - Req!!!
12/9/2021, 1:28:57 PM - INFO - Req!!!
12/9/2021, 1:28:57 PM - INFO - Req!!!
12/9/2021, 1:29:19 PM - INFO - Req!!!
12/9/2021, 1:29:34 PM - INFO - Req!!!
12/9/2021, 1:29:34 PM - INFO - Req!!!
12/9/2021, 1:29:50 PM - INFO - Req!!!
12/9/2021, 1:29:50 PM - INFO - Req!!!
12/9/2021, 1:30:23 PM - INFO - Req!!!
12/9/2021, 1:30:23 PM - INFO - Req!!!
12/9/2021, 1:34:33 PM - INFO - Req!!!
12/9/2021, 1:34:33 PM - INFO - Req!!!
12/9/2021, 1:34:59 PM - INFO - Req!!!
12/9/2021, 1:34:59 PM - INFO - Req!!!
12/9/2021, 3:43:21 PM - INFO - Req!!!
12/9/2021, 3:43:21 PM - INFO - Req!!!
12/9/2021, 3:45:31 PM - INFO - Req!!!
12/9/2021, 3:45:31 PM - INFO - Req!!!
12/9/2021, 3:45:39 PM - INFO - Req!!!
12/9/2021, 3:45:39 PM - INFO - Req!!!
12/9/2021, 3:45:57 PM - INFO - Req!!!
12/9/2021, 3:45:57 PM - INFO - Req!!!
12/9/2021, 3:46:24 PM - INFO - Req!!!
12/9/2021, 3:46:24 PM - INFO - Req!!!
12/9/2021, 3:46:28 PM - INFO - Req!!!
12/9/2021, 3:46:28 PM - INFO - Req!!!
12/9/2021, 3:47:52 PM - INFO - Req!!!
12/9/2021, 3:47:52 PM - INFO - Req!!!
12/9/2021, 3:48:54 PM - INFO - Req!!!
12/9/2021, 3:48:54 PM - INFO - Req!!!
12/9/2021, 3:49:47 PM - INFO - Req!!!
12/9/2021, 3:49:47 PM - INFO - Req!!!
12/9/2021, 3:49:51 PM - INFO - Req!!!
12/9/2021, 3:49:51 PM - INFO - Req!!!
12/9/2021, 3:50:05 PM - INFO - Req!!!
12/9/2021, 3:50:05 PM - INFO - Req!!!
12/9/2021, 3:51:15 PM - INFO - Req!!!
12/9/2021, 3:51:15 PM - INFO - Req!!!
12/9/2021, 4:10:09 PM - INFO - Req!!!
12/9/2021, 4:10:09 PM - INFO - Req!!!
12/9/2021, 4:10:35 PM - INFO - Req!!!
12/9/2021, 4:10:35 PM - INFO - Req!!!
12/9/2021, 4:12:28 PM - INFO - Req!!!
12/9/2021, 4:12:28 PM - INFO - Req!!!
12/9/2021, 4:13:47 PM - INFO - Req!!!
12/9/2021, 4:13:47 PM - INFO - Req!!!
12/9/2021, 4:14:08 PM - INFO - Req!!!
12/9/2021, 4:14:08 PM - INFO - Req!!!
12/9/2021, 4:14:19 PM - INFO - Req!!!
12/9/2021, 4:14:19 PM - INFO - Req!!!
12/9/2021, 4:15:35 PM - INFO - Req!!!
12/9/2021, 4:15:35 PM - INFO - Req!!!
12/9/2021, 4:17:55 PM - INFO - Req!!!
12/9/2021, 4:17:55 PM - INFO - Req!!!
12/9/2021, 4:18:25 PM - INFO - Req!!!
12/9/2021, 4:18:25 PM - INFO - Req!!!
12/9/2021, 4:18:43 PM - INFO - Req!!!
12/9/2021, 4:18:43 PM - INFO - Req!!!
12/9/2021, 4:19:49 PM - INFO - Req!!!
12/9/2021, 4:19:49 PM - INFO - Req!!!
12/9/2021, 4:21:11 PM - INFO - Req!!!
12/9/2021, 4:21:11 PM - INFO - Req!!!
12/9/2021, 4:21:26 PM - INFO - Req!!!
12/9/2021, 4:21:26 PM - INFO - Req!!!
12/9/2021, 4:21:40 PM - INFO - Req!!!
12/9/2021, 4:21:40 PM - INFO - Req!!!
12/9/2021, 4:23:10 PM - INFO - Req!!!
12/9/2021, 4:23:10 PM - INFO - Req!!!
12/9/2021, 4:23:47 PM - INFO - Req!!!
12/9/2021, 4:23:47 PM - INFO - Req!!!
12/9/2021, 4:25:15 PM - INFO - Req!!!
12/9/2021, 4:25:15 PM - INFO - Req!!!
12/9/2021, 4:29:15 PM - INFO - Req!!!
12/9/2021, 4:29:15 PM - INFO - Req!!!
12/9/2021, 4:29:36 PM - INFO - Req!!!
12/9/2021, 4:29:36 PM - INFO - Req!!!
12/9/2021, 4:29:48 PM - INFO - Req!!!
12/9/2021, 4:29:48 PM - INFO - Req!!!
12/9/2021, 4:30:15 PM - INFO - Req!!!
12/9/2021, 4:30:15 PM - INFO - Req!!!
12/9/2021, 4:30:44 PM - INFO - Req!!!
12/9/2021, 4:30:44 PM - INFO - Req!!!
12/9/2021, 4:30:52 PM - INFO - Req!!!
12/9/2021, 4:30:52 PM - INFO - Req!!!
12/9/2021, 4:32:34 PM - INFO - Req!!!
12/9/2021, 4:32:34 PM - INFO - Req!!!
12/9/2021, 4:32:56 PM - INFO - Req!!!
12/9/2021, 5:36:48 PM - INFO - Req!!!
12/9/2021, 5:36:48 PM - INFO - Req!!!
12/9/2021, 5:38:45 PM - INFO - Req!!!
12/9/2021, 5:38:45 PM - INFO - Req!!!
12/9/2021, 5:39:56 PM - INFO - Req!!!
12/9/2021, 5:39:56 PM - INFO - Req!!!
12/9/2021, 5:40:24 PM - INFO - Req!!!
12/9/2021, 5:40:24 PM - INFO - Req!!!
12/9/2021, 6:00:23 PM - INFO - Req!!!
12/9/2021, 6:00:23 PM - INFO - Req!!!
12/9/2021, 6:03:36 PM - INFO - Req!!!
12/9/2021, 6:03:36 PM - INFO - Req!!!
12/9/2021, 6:03:41 PM - INFO - Req!!!
12/9/2021, 6:03:41 PM - INFO - Req!!!
12/9/2021, 6:04:19 PM - INFO - Req!!!
12/9/2021, 6:09:12 PM - INFO - Req!!!
12/9/2021, 6:09:12 PM - INFO - Req!!!
12/9/2021, 6:47:37 PM - INFO - Server is running on port: 3030
12/10/2021, 1:43:51 PM - INFO - Server is running on port: 3030
12/10/2021, 1:44:18 PM - INFO - Req!!!
12/10/2021, 1:44:18 PM - INFO - Req!!!
12/10/2021, 1:46:07 PM - INFO - Req!!!
12/10/2021, 1:46:07 PM - INFO - Req!!!
12/10/2021, 1:46:11 PM - INFO - Req!!!
12/10/2021, 1:46:11 PM - INFO - Req!!!
12/10/2021, 1:48:06 PM - INFO - Req!!!
12/10/2021, 1:48:06 PM - INFO - Req!!!
12/10/2021, 1:48:43 PM - INFO - Req!!!
12/10/2021, 1:48:43 PM - INFO - Req!!!
12/10/2021, 1:59:27 PM - INFO - Req!!!
12/10/2021, 1:59:27 PM - INFO - Req!!!
12/10/2021, 2:06:23 PM - INFO - Req!!!
12/10/2021, 2:06:23 PM - INFO - Req!!!
12/10/2021, 2:06:29 PM - INFO - Req!!!
12/10/2021, 2:06:29 PM - INFO - Req!!!
12/10/2021, 2:06:49 PM - INFO - Req!!!
12/10/2021, 2:06:49 PM - INFO - Req!!!
12/10/2021, 2:16:12 PM - INFO - Req!!!
12/10/2021, 2:16:12 PM - INFO - Req!!!
12/10/2021, 2:16:53 PM - INFO - Req!!!
12/10/2021, 2:16:53 PM - INFO - Req!!!
12/10/2021, 2:17:13 PM - INFO - Req!!!
12/10/2021, 2:17:13 PM - INFO - Req!!!
12/10/2021, 2:18:47 PM - INFO - Req!!!
12/10/2021, 2:18:47 PM - INFO - Req!!!
12/10/2021, 2:44:27 PM - INFO - Req!!!
12/10/2021, 2:48:22 PM - INFO - Req!!!
12/10/2021, 2:48:22 PM - INFO - Req!!!
12/10/2021, 2:50:30 PM - INFO - Req!!!
12/10/2021, 2:50:30 PM - INFO - Req!!!
12/10/2021, 2:51:28 PM - INFO - Req!!!
12/10/2021, 2:51:28 PM - INFO - Req!!!
12/10/2021, 2:52:49 PM - INFO - Req!!!
12/10/2021, 2:52:49 PM - INFO - Req!!!
12/10/2021, 2:53:38 PM - INFO - Req!!!
12/10/2021, 2:53:38 PM - INFO - Req!!!
12/10/2021, 3:52:57 PM - INFO - Server is running on port: 3030
12/10/2021, 8:31:17 PM - INFO - Server is running on port: 3030
12/10/2021, 8:32:13 PM - INFO - Req!!!
12/10/2021, 8:32:13 PM - INFO - Req!!!
12/10/2021, 8:35:57 PM - INFO - Req!!!
12/10/2021, 8:35:57 PM - INFO - Req!!!
12/10/2021, 8:36:15 PM - INFO - Req!!!
12/10/2021, 8:36:15 PM - INFO - Req!!!
12/10/2021, 8:41:22 PM - INFO - Req!!!
12/10/2021, 8:41:22 PM - INFO - Req!!!
12/10/2021, 8:42:27 PM - INFO - Req!!!
12/10/2021, 8:42:27 PM - INFO - Req!!!
12/10/2021, 8:56:40 PM - INFO - Req!!!
12/10/2021, 8:56:40 PM - INFO - Req!!!
12/10/2021, 9:01:43 PM - INFO - Req!!!
12/10/2021, 9:01:43 PM - INFO - Req!!!
12/10/2021, 9:02:56 PM - INFO - Req!!!
12/10/2021, 9:02:56 PM - INFO - Req!!!
12/10/2021, 9:15:36 PM - INFO - Req!!!
12/10/2021, 9:15:36 PM - INFO - Req!!!
12/10/2021, 9:15:48 PM - INFO - Req!!!
12/10/2021, 9:15:48 PM - INFO - Req!!!
12/10/2021, 9:19:02 PM - INFO - Req!!!
12/10/2021, 9:19:02 PM - INFO - Req!!!
12/10/2021, 9:19:55 PM - INFO - Req!!!
12/10/2021, 9:19:55 PM - INFO - Req!!!
12/10/2021, 9:51:18 PM - INFO - Req!!!
12/10/2021, 9:51:18 PM - INFO - Req!!!
12/10/2021, 9:54:01 PM - INFO - Req!!!
12/10/2021, 9:54:01 PM - INFO - Req!!!
12/10/2021, 9:56:33 PM - INFO - Req!!!
12/10/2021, 9:56:33 PM - INFO - Req!!!
12/10/2021, 9:56:59 PM - INFO - Req!!!
12/10/2021, 9:56:59 PM - INFO - Req!!!
12/10/2021, 9:59:52 PM - INFO - Req!!!
12/10/2021, 9:59:52 PM - INFO - Req!!!
12/10/2021, 10:01:20 PM - INFO - Req!!!
12/10/2021, 10:01:20 PM - INFO - Req!!!
12/10/2021, 10:01:37 PM - INFO - Req!!!
12/10/2021, 10:01:37 PM - INFO - Req!!!
12/10/2021, 10:02:07 PM - INFO - Req!!!
12/10/2021, 10:02:07 PM - INFO - Req!!!
12/10/2021, 10:04:43 PM - INFO - Req!!!
12/10/2021, 10:04:43 PM - INFO - Req!!!
12/10/2021, 10:05:05 PM - INFO - Req!!!
12/10/2021, 10:05:05 PM - INFO - Req!!!
12/10/2021, 10:05:23 PM - INFO - Req!!!
12/10/2021, 10:05:23 PM - INFO - Req!!!
12/10/2021, 10:12:02 PM - INFO - Req!!!
12/10/2021, 10:12:02 PM - INFO - Req!!!
12/10/2021, 10:13:54 PM - INFO - Req!!!
12/10/2021, 10:13:54 PM - INFO - Req!!!
12/10/2021, 10:15:58 PM - INFO - Req!!!
12/10/2021, 10:15:58 PM - INFO - Req!!!
12/10/2021, 10:16:14 PM - INFO - Req!!!
12/10/2021, 10:16:14 PM - INFO - Req!!!
12/10/2021, 10:16:27 PM - INFO - Req!!!
12/10/2021, 10:16:40 PM - INFO - Server is running on port: 3030
12/11/2021, 12:06:11 PM - INFO - Server is running on port: 3030
12/11/2021, 12:06:37 PM - INFO - Req!!!
12/11/2021, 12:06:37 PM - INFO - Req!!!
12/11/2021, 12:11:37 PM - INFO - Req!!!
12/11/2021, 12:11:37 PM - INFO - Req!!!
12/11/2021, 12:13:56 PM - INFO - Req!!!
12/11/2021, 12:13:56 PM - INFO - Req!!!
12/11/2021, 12:17:22 PM - INFO - Req!!!
12/11/2021, 12:17:22 PM - INFO - Req!!!
12/11/2021, 12:22:20 PM - INFO - Req!!!
12/11/2021, 12:22:20 PM - INFO - Req!!!
12/11/2021, 2:51:22 PM - INFO - Req!!!
12/11/2021, 2:51:22 PM - INFO - Req!!!
12/11/2021, 2:51:56 PM - INFO - Req!!!
12/11/2021, 2:51:56 PM - INFO - Req!!!
12/11/2021, 3:02:13 PM - INFO - Req!!!
12/11/2021, 3:02:13 PM - INFO - Req!!!
12/11/2021, 3:02:25 PM - INFO - Req!!!
12/11/2021, 3:02:25 PM - INFO - Req!!!
12/11/2021, 3:02:46 PM - INFO - Req!!!
12/11/2021, 3:02:46 PM - INFO - Req!!!
12/11/2021, 3:03:05 PM - INFO - Req!!!
12/11/2021, 3:03:05 PM - INFO - Req!!!
12/11/2021, 3:03:05 PM - INFO - Req!!!
12/11/2021, 3:04:15 PM - INFO - Req!!!
12/11/2021, 3:04:15 PM - INFO - Req!!!
12/11/2021, 3:04:15 PM - INFO - Req!!!
12/11/2021, 3:04:21 PM - INFO - Req!!!
12/11/2021, 3:04:21 PM - INFO - Req!!!
12/11/2021, 3:04:21 PM - INFO - Req!!!
12/11/2021, 3:04:31 PM - INFO - Req!!!
12/11/2021, 3:04:31 PM - INFO - Req!!!
12/11/2021, 3:04:31 PM - INFO - Req!!!
12/11/2021, 3:06:37 PM - INFO - Req!!!
12/11/2021, 3:06:37 PM - INFO - Req!!!
12/11/2021, 3:06:37 PM - INFO - Req!!!
12/11/2021, 3:06:37 PM - INFO - Req!!!
12/11/2021, 3:06:37 PM - INFO - Req!!!
12/11/2021, 3:06:37 PM - INFO - Req!!!
12/11/2021, 3:06:37 PM - INFO - Req!!!
12/11/2021, 3:06:37 PM - INFO - Req!!!
12/11/2021, 3:06:37 PM - INFO - Req!!!
12/11/2021, 3:06:37 PM - INFO - Req!!!
12/11/2021, 3:06:37 PM - INFO - Req!!!
12/11/2021, 3:06:37 PM - INFO - Req!!!
12/11/2021, 3:06:38 PM - INFO - Req!!!
12/11/2021, 3:06:38 PM - INFO - Req!!!
12/11/2021, 3:07:39 PM - INFO - Req!!!
12/11/2021, 3:07:39 PM - INFO - Req!!!
12/11/2021, 3:07:54 PM - INFO - Req!!!
12/11/2021, 3:07:54 PM - INFO - Req!!!
12/11/2021, 3:08:09 PM - ERROR - Failed to update order | {}
12/11/2021, 3:08:42 PM - INFO - Req!!!
12/11/2021, 3:08:42 PM - INFO - Req!!!
12/11/2021, 3:08:45 PM - INFO - Req!!!
12/11/2021, 3:08:45 PM - INFO - Req!!!
12/11/2021, 3:08:52 PM - ERROR - Failed to update order | {}
12/11/2021, 3:09:35 PM - INFO - Req!!!
12/11/2021, 3:09:35 PM - INFO - Req!!!
12/11/2021, 3:09:52 PM - ERROR - Failed to update order | {}
12/11/2021, 3:11:10 PM - ERROR - Failed to update order | {}
12/11/2021, 3:17:35 PM - INFO - Server is running on port: 3030
12/11/2021, 3:17:52 PM - INFO - Req!!!
12/11/2021, 3:17:52 PM - INFO - Req!!!
12/11/2021, 3:18:24 PM - ERROR - Failed to update order | {}
12/11/2021, 3:20:19 PM - INFO - Req!!!
12/11/2021, 3:20:19 PM - INFO - Req!!!
12/11/2021, 3:20:37 PM - INFO - Req!!!
12/11/2021, 3:20:37 PM - INFO - Req!!!
12/11/2021, 3:20:42 PM - INFO - Req!!!
12/11/2021, 3:20:42 PM - INFO - Req!!!
12/11/2021, 3:20:51 PM - INFO - Req!!!
12/11/2021, 3:20:51 PM - INFO - Req!!!
12/11/2021, 3:21:02 PM - INFO - Req!!!
12/11/2021, 3:21:02 PM - INFO - Req!!!
12/11/2021, 3:21:08 PM - INFO - Req!!!
12/11/2021, 3:23:49 PM - INFO - Req!!!
12/11/2021, 3:23:49 PM - INFO - Req!!!
12/11/2021, 3:26:05 PM - INFO - Req!!!
12/11/2021, 3:26:05 PM - INFO - Req!!!
12/11/2021, 3:28:34 PM - INFO - Req!!!
12/11/2021, 3:28:34 PM - INFO - Req!!!
12/11/2021, 3:31:01 PM - INFO - Req!!!
12/11/2021, 3:31:01 PM - INFO - Req!!!
12/11/2021, 3:34:02 PM - INFO - Req!!!
12/11/2021, 3:34:02 PM - INFO - Req!!!
12/11/2021, 3:35:44 PM - INFO - Req!!!
12/11/2021, 3:35:44 PM - INFO - Req!!!
12/11/2021, 3:36:19 PM - INFO - Req!!!
12/11/2021, 3:36:19 PM - INFO - Req!!!
12/11/2021, 3:37:09 PM - INFO - Req!!!
12/11/2021, 3:37:19 PM - INFO - Req!!!
12/11/2021, 3:37:19 PM - INFO - Req!!!
12/11/2021, 3:37:36 PM - INFO - Req!!!
12/11/2021, 3:37:36 PM - INFO - Req!!!
12/11/2021, 3:38:15 PM - INFO - Req!!!
12/11/2021, 3:38:15 PM - INFO - Req!!!
12/11/2021, 3:38:38 PM - INFO - Req!!!
12/11/2021, 3:40:20 PM - INFO - Req!!!
12/11/2021, 3:41:05 PM - INFO - Req!!!
12/11/2021, 3:41:05 PM - INFO - Req!!!
12/11/2021, 3:43:09 PM - INFO - Req!!!
12/11/2021, 3:43:09 PM - INFO - Req!!!
12/11/2021, 3:44:32 PM - INFO - Req!!!
12/11/2021, 3:44:55 PM - INFO - Req!!!
12/11/2021, 3:44:56 PM - INFO - Req!!!
12/11/2021, 3:44:56 PM - INFO - Req!!!
12/11/2021, 3:44:56 PM - INFO - Req!!!
12/11/2021, 3:45:09 PM - INFO - Req!!!
12/11/2021, 3:45:49 PM - INFO - Req!!!
12/11/2021, 3:45:53 PM - INFO - Req!!!
12/11/2021, 3:45:53 PM - INFO - Req!!!
12/11/2021, 3:45:56 PM - INFO - Req!!!
12/11/2021, 3:48:12 PM - INFO - Req!!!
12/11/2021, 3:48:12 PM - INFO - Req!!!
12/11/2021, 3:48:18 PM - INFO - Req!!!
12/11/2021, 3:48:18 PM - INFO - Req!!!
12/11/2021, 3:49:25 PM - INFO - Req!!!
12/11/2021, 3:49:25 PM - INFO - Req!!!
12/11/2021, 3:49:26 PM - INFO - Req!!!
12/11/2021, 3:50:02 PM - INFO - Req!!!
12/11/2021, 3:50:02 PM - INFO - Req!!!
12/11/2021, 3:50:05 PM - INFO - Req!!!
12/11/2021, 3:50:05 PM - INFO - Req!!!
12/11/2021, 3:54:57 PM - INFO - Req!!!
12/11/2021, 3:54:57 PM - INFO - Req!!!
12/11/2021, 3:55:47 PM - INFO - Req!!!
12/11/2021, 3:55:47 PM - INFO - Req!!!
12/11/2021, 3:57:23 PM - INFO - Req!!!
12/11/2021, 3:57:23 PM - INFO - Req!!!
12/11/2021, 3:58:02 PM - INFO - Req!!!
12/11/2021, 3:58:02 PM - INFO - Req!!!
12/11/2021, 3:58:21 PM - INFO - Req!!!
12/11/2021, 3:58:21 PM - INFO - Req!!!
12/11/2021, 4:01:00 PM - INFO - Req!!!
12/11/2021, 4:01:00 PM - INFO - Req!!!
12/11/2021, 4:01:25 PM - INFO - Req!!!
12/11/2021, 4:01:25 PM - INFO - Req!!!
12/11/2021, 4:02:05 PM - INFO - Req!!!
12/11/2021, 4:02:05 PM - INFO - Req!!!
12/11/2021, 4:02:21 PM - INFO - Req!!!
12/11/2021, 4:02:21 PM - INFO - Req!!!
12/11/2021, 4:02:27 PM - INFO - Req!!!
12/11/2021, 4:02:27 PM - INFO - Req!!!
12/11/2021, 4:02:44 PM - INFO - Req!!!
12/11/2021, 4:02:44 PM - INFO - Req!!!
12/11/2021, 4:02:51 PM - INFO - Req!!!
12/11/2021, 4:02:51 PM - INFO - Req!!!
12/11/2021, 4:02:51 PM - INFO - Req!!!
12/11/2021, 4:02:53 PM - INFO - Req!!!
12/11/2021, 4:03:28 PM - INFO - Req!!!
12/11/2021, 4:03:36 PM - INFO - Req!!!
12/11/2021, 4:03:43 PM - INFO - Req!!!
12/11/2021, 4:04:35 PM - ERROR - cannot remove order undefined | {}
12/11/2021, 4:04:35 PM - ERROR - Failed to remove order | {}
12/11/2021, 4:04:38 PM - ERROR - cannot remove order undefined | {}
12/11/2021, 4:04:38 PM - ERROR - Failed to remove order | {}
12/11/2021, 4:04:39 PM - ERROR - cannot remove order undefined | {}
12/11/2021, 4:04:39 PM - ERROR - Failed to remove order | {}
12/11/2021, 4:04:39 PM - ERROR - cannot remove order undefined | {}
12/11/2021, 4:04:39 PM - ERROR - Failed to remove order | {}
12/11/2021, 4:04:44 PM - ERROR - cannot remove order undefined | {}
12/11/2021, 4:04:44 PM - ERROR - Failed to remove order | {}
12/11/2021, 4:04:48 PM - ERROR - cannot remove order undefined | {}
12/11/2021, 4:04:48 PM - ERROR - Failed to remove order | {}
12/11/2021, 4:04:55 PM - ERROR - cannot remove order undefined | {}
12/11/2021, 4:04:55 PM - ERROR - Failed to remove order | {}
12/11/2021, 4:05:12 PM - INFO - Req!!!
12/11/2021, 4:05:12 PM - INFO - Req!!!
12/11/2021, 4:05:16 PM - INFO - Server is running on port: 3030
12/11/2021, 4:05:36 PM - INFO - Server is running on port: 3030
12/11/2021, 4:05:58 PM - INFO - Req!!!
12/11/2021, 4:05:58 PM - INFO - Req!!!
12/11/2021, 4:06:17 PM - INFO - Req!!!
12/11/2021, 4:06:36 PM - INFO - Req!!!
12/11/2021, 4:07:00 PM - INFO - Req!!!
12/11/2021, 4:07:54 PM - INFO - Req!!!
12/11/2021, 4:07:54 PM - INFO - Req!!!
12/11/2021, 4:11:31 PM - INFO - Req!!!
12/11/2021, 4:11:31 PM - INFO - Req!!!
12/11/2021, 4:11:37 PM - INFO - Req!!!
12/11/2021, 4:11:45 PM - INFO - Req!!!
12/11/2021, 4:12:21 PM - INFO - Req!!!
12/11/2021, 4:12:21 PM - INFO - Req!!!
12/11/2021, 4:14:27 PM - INFO - Req!!!
12/11/2021, 4:14:27 PM - INFO - Req!!!
12/11/2021, 4:14:37 PM - INFO - Req!!!
12/11/2021, 4:19:33 PM - INFO - Req!!!
12/11/2021, 4:19:47 PM - ERROR - cannot remove order undefined | {}
12/11/2021, 4:19:47 PM - ERROR - Failed to remove order | {}
12/11/2021, 4:20:29 PM - INFO - Req!!!
12/11/2021, 4:21:01 PM - INFO - Req!!!
12/11/2021, 4:21:20 PM - INFO - Server is running on port: 3030
12/11/2021, 4:21:34 PM - INFO - Req!!!
12/11/2021, 4:21:34 PM - INFO - Req!!!
12/11/2021, 4:26:16 PM - INFO - Req!!!
12/11/2021, 4:26:16 PM - INFO - Req!!!
12/11/2021, 4:26:31 PM - INFO - Req!!!
12/11/2021, 4:26:31 PM - INFO - Req!!!
12/11/2021, 4:28:05 PM - INFO - Req!!!
12/11/2021, 4:28:27 PM - ERROR - cannot remove order undefined | {}
12/11/2021, 4:28:27 PM - ERROR - Failed to remove order | {}
12/11/2021, 4:29:09 PM - INFO - Req!!!
12/11/2021, 4:29:09 PM - INFO - Req!!!
12/11/2021, 4:42:57 PM - INFO - Server is running on port: 3030
12/11/2021, 6:52:21 PM - INFO - Server is running on port: 3030
12/11/2021, 6:52:36 PM - INFO - Req!!!
12/11/2021, 6:52:36 PM - INFO - Req!!!
12/11/2021, 6:55:49 PM - INFO - Server is running on port: 3030
12/12/2021, 11:51:20 AM - INFO - Server is running on port: 3030
12/12/2021, 11:51:42 AM - INFO - Req!!!
12/12/2021, 11:51:42 AM - INFO - Req!!!
12/12/2021, 5:37:59 PM - INFO - Server is running on port: 3030
12/13/2021, 10:31:53 AM - INFO - Server is running on port: 3030
12/13/2021, 10:34:53 AM - INFO - Req!!!
12/13/2021, 10:34:53 AM - INFO - Req!!!
12/13/2021, 10:35:12 AM - INFO - Req!!!
12/13/2021, 10:35:12 AM - INFO - Req!!!
12/13/2021, 10:35:19 AM - INFO - Req!!!
12/13/2021, 10:35:56 AM - INFO - Req!!!
12/13/2021, 10:35:56 AM - INFO - Req!!!
12/13/2021, 10:36:09 AM - INFO - Req!!!
12/13/2021, 10:36:09 AM - INFO - Req!!!
12/13/2021, 10:36:15 AM - INFO - Req!!!
12/13/2021, 10:36:15 AM - INFO - Req!!!
12/13/2021, 10:36:18 AM - INFO - Req!!!
12/13/2021, 10:36:37 AM - INFO - Req!!!
12/13/2021, 10:36:37 AM - INFO - Req!!!
12/13/2021, 10:36:40 AM - INFO - Req!!!
12/13/2021, 10:36:56 AM - INFO - Req!!!
12/13/2021, 10:38:20 AM - INFO - Req!!!
12/13/2021, 10:38:20 AM - INFO - Req!!!
12/13/2021, 10:38:31 AM - INFO - Req!!!
12/13/2021, 10:38:31 AM - INFO - Req!!!
12/13/2021, 10:38:34 AM - INFO - Req!!!
12/13/2021, 10:39:01 AM - INFO - Req!!!
12/13/2021, 10:39:01 AM - INFO - Req!!!
12/13/2021, 10:39:04 AM - INFO - Req!!!
12/13/2021, 10:39:13 AM - INFO - Req!!!
12/13/2021, 10:39:40 AM - INFO - Req!!!
12/13/2021, 10:39:40 AM - INFO - Req!!!
12/13/2021, 10:39:43 AM - INFO - Req!!!
12/13/2021, 10:39:52 AM - INFO - Req!!!
12/13/2021, 10:39:52 AM - INFO - Req!!!
12/13/2021, 10:39:55 AM - INFO - Req!!!
12/13/2021, 10:40:04 AM - INFO - Req!!!
12/13/2021, 10:40:23 AM - INFO - Req!!!
12/13/2021, 10:40:23 AM - INFO - Req!!!
12/13/2021, 10:40:26 AM - INFO - Req!!!
12/13/2021, 10:40:43 AM - INFO - Req!!!
12/13/2021, 10:40:43 AM - INFO - Req!!!
12/13/2021, 10:40:47 AM - INFO - Req!!!
12/13/2021, 10:41:02 AM - INFO - Req!!!
12/13/2021, 10:41:05 AM - INFO - Req!!!
12/13/2021, 10:41:05 AM - INFO - Req!!!
12/13/2021, 10:41:07 AM - INFO - Req!!!
12/13/2021, 10:41:21 AM - INFO - Req!!!
12/13/2021, 10:41:21 AM - INFO - Req!!!
12/13/2021, 10:41:23 AM - INFO - Req!!!
12/13/2021, 10:41:35 AM - INFO - Req!!!
12/13/2021, 10:41:35 AM - INFO - Req!!!
12/13/2021, 10:41:38 AM - INFO - Req!!!
12/13/2021, 10:41:48 AM - INFO - Req!!!
12/13/2021, 10:42:08 AM - INFO - Req!!!
12/13/2021, 10:42:08 AM - INFO - Req!!!
12/13/2021, 10:42:11 AM - INFO - Req!!!
12/13/2021, 10:42:52 AM - INFO - Req!!!
12/13/2021, 10:42:52 AM - INFO - Req!!!
12/13/2021, 10:42:55 AM - INFO - Req!!!
12/13/2021, 10:43:38 AM - INFO - Req!!!
12/13/2021, 10:43:38 AM - INFO - Req!!!
12/13/2021, 10:43:41 AM - INFO - Req!!!
12/13/2021, 10:43:41 AM - INFO - Req!!!
12/13/2021, 10:43:43 AM - INFO - Req!!!
12/13/2021, 10:43:55 AM - INFO - Req!!!
12/13/2021, 10:44:15 AM - INFO - Req!!!
12/13/2021, 10:44:15 AM - INFO - Req!!!
12/13/2021, 10:44:18 AM - INFO - Req!!!
12/13/2021, 10:44:33 AM - INFO - Req!!!
12/13/2021, 10:44:33 AM - INFO - Req!!!
12/13/2021, 10:44:36 AM - INFO - Req!!!
12/13/2021, 10:44:43 AM - INFO - Req!!!
12/13/2021, 10:44:43 AM - INFO - Req!!!
12/13/2021, 10:44:45 AM - INFO - Req!!!
12/13/2021, 10:44:58 AM - INFO - Req!!!
12/13/2021, 10:44:58 AM - INFO - Req!!!
12/13/2021, 10:45:01 AM - INFO - Req!!!
12/13/2021, 10:45:16 AM - INFO - Req!!!
12/13/2021, 10:45:24 AM - INFO - Req!!!
12/13/2021, 10:45:34 AM - INFO - Req!!!
12/13/2021, 10:45:49 AM - INFO - Req!!!
12/13/2021, 10:45:55 AM - INFO - Req!!!
12/13/2021, 11:14:09 AM - INFO - Req!!!
12/13/2021, 11:14:09 AM - INFO - Req!!!
12/13/2021, 11:14:46 AM - INFO - Req!!!
12/13/2021, 11:16:03 AM - INFO - Req!!!
12/13/2021, 11:16:03 AM - INFO - Req!!!
12/13/2021, 11:16:06 AM - INFO - Req!!!
12/13/2021, 11:16:12 AM - INFO - Req!!!
12/13/2021, 11:16:23 AM - INFO - Req!!!
12/13/2021, 11:16:23 AM - INFO - Req!!!
12/13/2021, 11:16:41 AM - INFO - Req!!!
12/13/2021, 11:17:44 AM - INFO - Req!!!
12/13/2021, 11:18:25 AM - INFO - Req!!!
12/13/2021, 11:20:21 AM - INFO - Req!!!
12/13/2021, 11:20:27 AM - INFO - Req!!!
12/13/2021, 3:28:28 PM - INFO - Req!!!
12/13/2021, 3:28:28 PM - INFO - Req!!!
12/13/2021, 3:28:55 PM - INFO - Req!!!
12/13/2021, 3:28:55 PM - INFO - Req!!!
12/13/2021, 4:19:58 PM - INFO - Server is running on port: 3030
12/17/2021, 8:31:33 PM - INFO - Server is running on port: 3030
